[debug] [2023-07-18T21:06:58.102Z] ----------------------------------------------------------------------
[debug] [2023-07-18T21:06:58.105Z] Command:       C:\Program Files\nodejs\node.exe C:\Users\HP\AppData\Roaming\npm\node_modules\firebase-tools\lib\bin\firebase.js emulators:start
[debug] [2023-07-18T21:06:58.105Z] CLI Version:   12.4.4
[debug] [2023-07-18T21:06:58.106Z] Platform:      win32
[debug] [2023-07-18T21:06:58.106Z] Node Version:  v18.16.1
[debug] [2023-07-18T21:06:58.107Z] Time:          Wed Jul 19 2023 02:36:58 GMT+0530 (India Standard Time)
[debug] [2023-07-18T21:06:58.107Z] ----------------------------------------------------------------------
[debug] 
[debug] [2023-07-18T21:06:58.272Z] > command requires scopes: ["email","openid","https://www.googleapis.com/auth/cloudplatformprojects.readonly","https://www.googleapis.com/auth/firebase","https://www.googleapis.com/auth/cloud-platform"]
[debug] [2023-07-18T21:06:58.272Z] > authorizing via signed-in user (manvithshetty18@gmail.com)
[info] i  emulators: Starting emulators: functions, hosting {"metadata":{"emulator":{"name":"hub"},"message":"Starting emulators: functions, hosting"}}
[debug] [2023-07-18T21:06:58.290Z] [logging] Logging Emulator only supports listening on one address (127.0.0.1). Not listening on ::1
[debug] [2023-07-18T21:06:58.291Z] [hosting] Hosting Emulator only supports listening on one address (127.0.0.1). Not listening on ::1
[warn] !  ui: Emulator UI unable to start on port 4000, starting on 4015 instead. {"metadata":{"emulator":{"name":"ui"},"message":"Emulator UI unable to start on port 4000, starting on 4015 instead."}}
[debug] [2023-07-18T21:06:58.298Z] assigned listening specs for emulators {"user":{"hub":[{"address":"127.0.0.1","family":"IPv4","port":4400},{"address":"::1","family":"IPv6","port":4400}],"logging":[{"address":"127.0.0.1","family":"IPv4","port":4500}],"hosting":[{"address":"127.0.0.1","family":"IPv4","port":5000}],"ui":[{"address":"127.0.0.1","family":"IPv4","port":4015},{"address":"::1","family":"IPv6","port":4015}]},"metadata":{"message":"assigned listening specs for emulators"}}
[debug] [2023-07-18T21:06:58.313Z] [hub] writing locator at C:\PROGRA~1\KMSpico\temp\hub-clone-9e4ea.json
[debug] [2023-07-18T21:06:58.336Z] [functions] Functions Emulator only supports listening on one address (127.0.0.1). Not listening on ::1
[debug] [2023-07-18T21:06:58.336Z] [eventarc] Eventarc Emulator only supports listening on one address (127.0.0.1). Not listening on ::1
[debug] [2023-07-18T21:06:58.336Z] late-assigned ports for functions and eventarc emulators {"user":{"hub":[{"address":"127.0.0.1","family":"IPv4","port":4400},{"address":"::1","family":"IPv6","port":4400}],"logging":[{"address":"127.0.0.1","family":"IPv4","port":4500}],"hosting":[{"address":"127.0.0.1","family":"IPv4","port":5000}],"ui":[{"address":"127.0.0.1","family":"IPv4","port":4015},{"address":"::1","family":"IPv6","port":4015}],"functions":[{"address":"127.0.0.1","family":"IPv4","port":5001}],"eventarc":[{"address":"127.0.0.1","family":"IPv4","port":9299}]},"metadata":{"message":"late-assigned ports for functions and eventarc emulators"}}
[warn] !  functions: The following emulators are not running, calls to these services from the Functions emulator will affect production: auth, firestore, database, pubsub, storage {"metadata":{"emulator":{"name":"functions"},"message":"The following emulators are not running, calls to these services from the Functions emulator will affect production: \u001b[1mauth, firestore, database, pubsub, storage\u001b[22m"}}
[debug] [2023-07-18T21:06:58.342Z] defaultcredentials: writing to file C:\Users\HP\AppData\Roaming\firebase\manvithshetty18_gmail_com_application_default_credentials.json
[debug] [2023-07-18T21:06:58.347Z] Setting GAC to C:\Users\HP\AppData\Roaming\firebase\manvithshetty18_gmail_com_application_default_credentials.json {"metadata":{"emulator":{"name":"functions"},"message":"Setting GAC to C:\\Users\\HP\\AppData\\Roaming\\firebase\\manvithshetty18_gmail_com_application_default_credentials.json"}}
[debug] [2023-07-18T21:06:58.350Z] >>> [apiv2][query] GET https://firebase.googleapis.com/v1beta1/projects/clone-9e4ea/adminSdkConfig [none]
[debug] [2023-07-18T21:06:58.890Z] <<< [apiv2][status] GET https://firebase.googleapis.com/v1beta1/projects/clone-9e4ea/adminSdkConfig 200
[debug] [2023-07-18T21:06:58.890Z] <<< [apiv2][body] GET https://firebase.googleapis.com/v1beta1/projects/clone-9e4ea/adminSdkConfig {"projectId":"clone-9e4ea","storageBucket":"clone-9e4ea.appspot.com"}
[debug] [2023-07-18T21:06:58.905Z] >>> [apiv2][query] GET https://firebasehosting.googleapis.com/v1beta1/projects/clone-9e4ea/sites 
[debug] [2023-07-18T21:06:59.983Z] <<< [apiv2][status] GET https://firebasehosting.googleapis.com/v1beta1/projects/clone-9e4ea/sites 200
[debug] [2023-07-18T21:06:59.984Z] <<< [apiv2][body] GET https://firebasehosting.googleapis.com/v1beta1/projects/clone-9e4ea/sites {"sites":[{"name":"projects/clone-9e4ea/sites/clone-9e4ea","defaultUrl":"https://clone-9e4ea.web.app","appId":"1:849832364988:web:c49605f0a25e6da36c79b9","type":"DEFAULT_SITE"}]}
[debug] [2023-07-18T21:06:59.985Z] >>> [apiv2][query] GET https://firebase.googleapis.com/v1beta1/projects/clone-9e4ea/webApps/1:849832364988:web:c49605f0a25e6da36c79b9/config [none]
[debug] [2023-07-18T21:07:01.317Z] <<< [apiv2][status] GET https://firebase.googleapis.com/v1beta1/projects/clone-9e4ea/webApps/1:849832364988:web:c49605f0a25e6da36c79b9/config 200
[debug] [2023-07-18T21:07:01.318Z] <<< [apiv2][body] GET https://firebase.googleapis.com/v1beta1/projects/clone-9e4ea/webApps/1:849832364988:web:c49605f0a25e6da36c79b9/config {"projectId":"clone-9e4ea","appId":"1:849832364988:web:c49605f0a25e6da36c79b9","storageBucket":"clone-9e4ea.appspot.com","apiKey":"AIzaSyA430I9H3XqqrWFc90YouLNyfAZr3BSL_E","authDomain":"clone-9e4ea.firebaseapp.com","messagingSenderId":"849832364988","measurementId":"G-BPC2F1L7MN"}
[debug] [2023-07-18T21:07:01.326Z] >>> [apiv2][query] GET https://firebase.googleapis.com/v1beta1/projects/clone-9e4ea [none]
[debug] [2023-07-18T21:07:02.076Z] <<< [apiv2][status] GET https://firebase.googleapis.com/v1beta1/projects/clone-9e4ea 200
[debug] [2023-07-18T21:07:02.076Z] <<< [apiv2][body] GET https://firebase.googleapis.com/v1beta1/projects/clone-9e4ea {"projectId":"clone-9e4ea","projectNumber":"849832364988","displayName":"amazon-clone","name":"projects/clone-9e4ea","resources":{"hostingSite":"clone-9e4ea"},"state":"ACTIVE","etag":"1_a4ba6ec4-0c7d-448b-abc5-2de4168c041f"}
[info] i  hosting[clone-9e4ea]: Serving hosting files from: build {"metadata":{"emulator":{"name":"hosting"},"message":"Serving hosting files from: \u001b[1mbuild\u001b[22m"}}
[info] +  hosting[clone-9e4ea]: Local server: http://127.0.0.1:5000 {"metadata":{"emulator":{"name":"hosting"},"message":"Local server: \u001b[4m\u001b[1mhttp://127.0.0.1:5000\u001b[22m\u001b[24m"}}
[debug] [2023-07-18T21:07:02.103Z] Ignoring unsupported arg: auto_download {"metadata":{"emulator":{"name":"ui"},"message":"Ignoring unsupported arg: auto_download"}}
[debug] [2023-07-18T21:07:02.104Z] Ignoring unsupported arg: port {"metadata":{"emulator":{"name":"ui"},"message":"Ignoring unsupported arg: port"}}
[debug] [2023-07-18T21:07:02.104Z] Starting Emulator UI with command {"binary":"node","args":["C:\\Users\\HP\\.cache\\firebase\\emulators\\ui-v1.11.7\\server\\server.js"],"optionalArgs":[],"joinArgs":false} {"metadata":{"emulator":{"name":"ui"},"message":"Starting Emulator UI with command {\"binary\":\"node\",\"args\":[\"C:\\\\Users\\\\HP\\\\.cache\\\\firebase\\\\emulators\\\\ui-v1.11.7\\\\server\\\\server.js\"],\"optionalArgs\":[],\"joinArgs\":false}"}}
[info] i  ui: Emulator UI logging to ui-debug.log {"metadata":{"emulator":{"name":"ui"},"message":"Emulator UI logging to \u001b[1mui-debug.log\u001b[22m"}}
[debug] [2023-07-18T21:07:02.274Z] Web / API server started at 127.0.0.1:4015
Web / API server started at ::1:4015
 {"metadata":{"emulator":{"name":"ui"},"message":"Web / API server started at 127.0.0.1:4015\nWeb / API server started at ::1:4015\n"}}
[info] i  functions: Watching "D:\My projects\Amazon-clone\amazon-clone\functions" for Cloud Functions... {"metadata":{"emulator":{"name":"functions"},"message":"Watching \"D:\\My projects\\Amazon-clone\\amazon-clone\\functions\" for Cloud Functions..."}}
[debug] [2023-07-18T21:07:02.389Z] Validating nodejs source
[debug] [2023-07-18T21:07:04.355Z] > [functions] package.json contents: {
  "name": "functions",
  "description": "Cloud Functions for Firebase",
  "scripts": {
    "lint": "eslint .",
    "serve": "firebase emulators:start --only functions",
    "shell": "firebase functions:shell",
    "start": "npm run shell",
    "deploy": "firebase deploy --only functions",
    "logs": "firebase functions:log"
  },
  "engines": {
    "node": "18"
  },
  "main": "index.js",
  "dependencies": {
    "cors": "^2.8.5",
    "express": "^4.18.2",
    "firebase-admin": "^11.8.0",
    "firebase-functions": "^4.3.1",
    "stripe": "^12.13.0"
  },
  "devDependencies": {
    "eslint": "^8.15.0",
    "eslint-config-google": "^0.14.0",
    "firebase-functions-test": "^3.1.0"
  },
  "private": true
}
[debug] [2023-07-18T21:07:04.355Z] Building nodejs source
[debug] [2023-07-18T21:07:04.355Z] Failed to find version of module node: reached end of search path D:\My projects\Amazon-clone\amazon-clone\functions\node_modules
[info] +  functions: Using node@18 from host. 
[debug] [2023-07-18T21:07:04.358Z] Could not find functions.yaml. Must use http discovery
[debug] [2023-07-18T21:07:04.369Z] Found firebase-functions binary at 'D:\My projects\Amazon-clone\amazon-clone\functions\node_modules\.bin\firebase-functions'
[info] Serving at port 8745

[debug] [2023-07-18T21:07:05.079Z] Got response from /__/functions.yaml {"endpoints":{"api":{"platform":"gcfv1","availableMemoryMb":null,"timeoutSeconds":null,"minInstances":null,"maxInstances":null,"ingressSettings":null,"serviceAccountEmail":null,"vpc":null,"httpsTrigger":{},"entryPoint":"api"}},"specVersion":"v1alpha1","requiredAPIs":[]}
[info] shutdown requested via /__/quitquitquit

[info] +  functions: Loaded functions definitions from source: api. {"metadata":{"emulator":{"name":"functions"},"message":"Loaded functions definitions from source: api."}}
[info] +  functions[us-central1-api]: http function initialized (http://127.0.0.1:5001/clone-9e4ea/us-central1/api). {"metadata":{"emulator":{"name":"functions"},"message":"\u001b[1mhttp\u001b[22m function initialized (http://127.0.0.1:5001/clone-9e4ea/us-central1/api)."}}
[info] 
┌─────────────────────────────────────────────────────────────┐
│ ✔  All emulators ready! It is now safe to connect your app. │
│ i  View Emulator UI at http://127.0.0.1:4015/               │
└─────────────────────────────────────────────────────────────┘

┌───────────┬────────────────┬─────────────────────────────────┐
│ Emulator  │ Host:Port      │ View in Emulator UI             │
├───────────┼────────────────┼─────────────────────────────────┤
│ Functions │ 127.0.0.1:5001 │ http://127.0.0.1:4015/functions │
├───────────┼────────────────┼─────────────────────────────────┤
│ Hosting   │ 127.0.0.1:5000 │ n/a                             │
└───────────┴────────────────┴─────────────────────────────────┘
  Emulator Hub running at 127.0.0.1:4400
  Other reserved ports: 4500

Issues? Report them at https://github.com/firebase/firebase-tools/issues and attach the *-debug.log files.
 
[debug] [2023-07-18T21:07:15.754Z] [work-queue] {"queuedWork":["/clone-9e4ea/us-central1/api/payment/create-2023-07-18T21:07:15.753Z"],"queueLength":1,"runningWork":[],"workRunningCount":0}
[debug] [2023-07-18T21:07:15.755Z] [work-queue] {"queuedWork":[],"queueLength":0,"runningWork":["/clone-9e4ea/us-central1/api/payment/create-2023-07-18T21:07:15.753Z"],"workRunningCount":1}
[debug] [2023-07-18T21:07:15.756Z] Accepted request POST /clone-9e4ea/us-central1/api/payment/create?total=49900 --> us-central1-api
[debug] [2023-07-18T21:07:15.760Z] [functions] Runtime ready! Sending request! {"metadata":{"emulator":{"name":"functions"},"message":"[functions] Runtime ready! Sending request!"}}
[debug] [2023-07-18T21:07:15.761Z] [functions] Got req.url=/clone-9e4ea/us-central1/api/payment/create?total=49900, mapping to path=/payment/create?total=49900 {"metadata":{"emulator":{"name":"functions"},"message":"[functions] Got req.url=/clone-9e4ea/us-central1/api/payment/create?total=49900, mapping to path=/payment/create?total=49900"}}
[debug] [2023-07-18T21:07:15.772Z] [worker-pool] addWorker(us-central1-api) {"metadata":{"emulator":{"name":"functions"},"message":"[worker-pool] addWorker(us-central1-api)"}}
[debug] [2023-07-18T21:07:15.773Z] [worker-pool] Adding worker with key us-central1-api, total=1 {"metadata":{"emulator":{"name":"functions"},"message":"[worker-pool] Adding worker with key us-central1-api, total=1"}}
[debug] [2023-07-18T21:07:15.775Z] [work-queue] {"queuedWork":["/clone-9e4ea/us-central1/api/payment/create-2023-07-18T21:07:15.775Z"],"queueLength":1,"runningWork":["/clone-9e4ea/us-central1/api/payment/create-2023-07-18T21:07:15.753Z"],"workRunningCount":1}
[debug] [2023-07-18T21:07:15.775Z] [work-queue] {"queuedWork":[],"queueLength":0,"runningWork":["/clone-9e4ea/us-central1/api/payment/create-2023-07-18T21:07:15.753Z","/clone-9e4ea/us-central1/api/payment/create-2023-07-18T21:07:15.775Z"],"workRunningCount":2}
[debug] [2023-07-18T21:07:15.776Z] Accepted request POST /clone-9e4ea/us-central1/api/payment/create?total=49900 --> us-central1-api
[debug] [2023-07-18T21:07:15.778Z] [functions] Runtime ready! Sending request! {"metadata":{"emulator":{"name":"functions"},"message":"[functions] Runtime ready! Sending request!"}}
[debug] [2023-07-18T21:07:15.778Z] [functions] Got req.url=/clone-9e4ea/us-central1/api/payment/create?total=49900, mapping to path=/payment/create?total=49900 {"metadata":{"emulator":{"name":"functions"},"message":"[functions] Got req.url=/clone-9e4ea/us-central1/api/payment/create?total=49900, mapping to path=/payment/create?total=49900"}}
[debug] [2023-07-18T21:07:15.788Z] [worker-pool] addWorker(us-central1-api) {"metadata":{"emulator":{"name":"functions"},"message":"[worker-pool] addWorker(us-central1-api)"}}
[debug] [2023-07-18T21:07:15.788Z] [worker-pool] Adding worker with key us-central1-api, total=2 {"metadata":{"emulator":{"name":"functions"},"message":"[worker-pool] Adding worker with key us-central1-api, total=2"}}
[debug] [2023-07-18T21:07:17.520Z] [runtime-status] [4412] Resolved module firebase-admin {"declared":true,"installed":true,"version":"11.10.1","resolution":"D:\\My projects\\Amazon-clone\\amazon-clone\\functions\\node_modules\\firebase-admin\\lib\\index.js"} {"metadata":{"emulator":{"name":"functions"},"function":{"name":"us-central1-api"},"extension":{},"message":"[runtime-status] [4412] Resolved module firebase-admin {\"declared\":true,\"installed\":true,\"version\":\"11.10.1\",\"resolution\":\"D:\\\\My projects\\\\Amazon-clone\\\\amazon-clone\\\\functions\\\\node_modules\\\\firebase-admin\\\\lib\\\\index.js\"}"}}
[debug] [2023-07-18T21:07:17.521Z] [runtime-status] [8896] Resolved module firebase-admin {"declared":true,"installed":true,"version":"11.10.1","resolution":"D:\\My projects\\Amazon-clone\\amazon-clone\\functions\\node_modules\\firebase-admin\\lib\\index.js"} {"metadata":{"emulator":{"name":"functions"},"function":{"name":"us-central1-api"},"extension":{},"message":"[runtime-status] [8896] Resolved module firebase-admin {\"declared\":true,\"installed\":true,\"version\":\"11.10.1\",\"resolution\":\"D:\\\\My projects\\\\Amazon-clone\\\\amazon-clone\\\\functions\\\\node_modules\\\\firebase-admin\\\\lib\\\\index.js\"}"}}
[debug] [2023-07-18T21:07:17.521Z] [runtime-status] [8896] Resolved module firebase-functions {"declared":true,"installed":true,"version":"4.4.1","resolution":"D:\\My projects\\Amazon-clone\\amazon-clone\\functions\\node_modules\\firebase-functions\\lib\\v1\\index.js"} {"metadata":{"emulator":{"name":"functions"},"function":{"name":"us-central1-api"},"extension":{},"message":"[runtime-status] [8896] Resolved module firebase-functions {\"declared\":true,\"installed\":true,\"version\":\"4.4.1\",\"resolution\":\"D:\\\\My projects\\\\Amazon-clone\\\\amazon-clone\\\\functions\\\\node_modules\\\\firebase-functions\\\\lib\\\\v1\\\\index.js\"}"}}
[debug] [2023-07-18T21:07:17.522Z] [runtime-status] [4412] Resolved module firebase-functions {"declared":true,"installed":true,"version":"4.4.1","resolution":"D:\\My projects\\Amazon-clone\\amazon-clone\\functions\\node_modules\\firebase-functions\\lib\\v1\\index.js"} {"metadata":{"emulator":{"name":"functions"},"function":{"name":"us-central1-api"},"extension":{},"message":"[runtime-status] [4412] Resolved module firebase-functions {\"declared\":true,\"installed\":true,\"version\":\"4.4.1\",\"resolution\":\"D:\\\\My projects\\\\Amazon-clone\\\\amazon-clone\\\\functions\\\\node_modules\\\\firebase-functions\\\\lib\\\\v1\\\\index.js\"}"}}
[debug] [2023-07-18T21:07:17.522Z] [runtime-status] [4412] Outgoing network have been stubbed. [{"name":"http","status":"mocked"},{"name":"http","status":"mocked"},{"name":"https","status":"mocked"},{"name":"https","status":"mocked"},{"name":"net","status":"mocked"}] {"metadata":{"emulator":{"name":"functions"},"function":{"name":"us-central1-api"},"extension":{},"message":"[runtime-status] [4412] Outgoing network have been stubbed. [{\"name\":\"http\",\"status\":\"mocked\"},{\"name\":\"http\",\"status\":\"mocked\"},{\"name\":\"https\",\"status\":\"mocked\"},{\"name\":\"https\",\"status\":\"mocked\"},{\"name\":\"net\",\"status\":\"mocked\"}]"}}
[debug] [2023-07-18T21:07:17.522Z] [runtime-status] [8896] Outgoing network have been stubbed. [{"name":"http","status":"mocked"},{"name":"http","status":"mocked"},{"name":"https","status":"mocked"},{"name":"https","status":"mocked"},{"name":"net","status":"mocked"}] {"metadata":{"emulator":{"name":"functions"},"function":{"name":"us-central1-api"},"extension":{},"message":"[runtime-status] [8896] Outgoing network have been stubbed. [{\"name\":\"http\",\"status\":\"mocked\"},{\"name\":\"http\",\"status\":\"mocked\"},{\"name\":\"https\",\"status\":\"mocked\"},{\"name\":\"https\",\"status\":\"mocked\"},{\"name\":\"net\",\"status\":\"mocked\"}]"}}
[debug] [2023-07-18T21:07:17.523Z] [runtime-status] [8896] Resolved module firebase-functions {"declared":true,"installed":true,"version":"4.4.1","resolution":"D:\\My projects\\Amazon-clone\\amazon-clone\\functions\\node_modules\\firebase-functions\\lib\\v1\\index.js"} {"metadata":{"emulator":{"name":"functions"},"function":{"name":"us-central1-api"},"extension":{},"message":"[runtime-status] [8896] Resolved module firebase-functions {\"declared\":true,\"installed\":true,\"version\":\"4.4.1\",\"resolution\":\"D:\\\\My projects\\\\Amazon-clone\\\\amazon-clone\\\\functions\\\\node_modules\\\\firebase-functions\\\\lib\\\\v1\\\\index.js\"}"}}
[debug] [2023-07-18T21:07:17.523Z] [runtime-status] [4412] Resolved module firebase-functions {"declared":true,"installed":true,"version":"4.4.1","resolution":"D:\\My projects\\Amazon-clone\\amazon-clone\\functions\\node_modules\\firebase-functions\\lib\\v1\\index.js"} {"metadata":{"emulator":{"name":"functions"},"function":{"name":"us-central1-api"},"extension":{},"message":"[runtime-status] [4412] Resolved module firebase-functions {\"declared\":true,\"installed\":true,\"version\":\"4.4.1\",\"resolution\":\"D:\\\\My projects\\\\Amazon-clone\\\\amazon-clone\\\\functions\\\\node_modules\\\\firebase-functions\\\\lib\\\\v1\\\\index.js\"}"}}
[debug] [2023-07-18T21:07:17.847Z] [runtime-status] [4412] Checked functions.config() {"config":{}} {"metadata":{"emulator":{"name":"functions"},"function":{"name":"us-central1-api"},"extension":{},"message":"[runtime-status] [4412] Checked functions.config() {\"config\":{}}"}}
[debug] [2023-07-18T21:07:17.848Z] [runtime-status] [8896] Checked functions.config() {"config":{}} {"metadata":{"emulator":{"name":"functions"},"function":{"name":"us-central1-api"},"extension":{},"message":"[runtime-status] [8896] Checked functions.config() {\"config\":{}}"}}
[debug] [2023-07-18T21:07:17.848Z] [runtime-status] [8896] firebase-functions has been stubbed. {"functionsResolution":{"declared":true,"installed":true,"version":"4.4.1","resolution":"D:\\My projects\\Amazon-clone\\amazon-clone\\functions\\node_modules\\firebase-functions\\lib\\v1\\index.js"}} {"metadata":{"emulator":{"name":"functions"},"function":{"name":"us-central1-api"},"extension":{},"message":"[runtime-status] [8896] firebase-functions has been stubbed. {\"functionsResolution\":{\"declared\":true,\"installed\":true,\"version\":\"4.4.1\",\"resolution\":\"D:\\\\My projects\\\\Amazon-clone\\\\amazon-clone\\\\functions\\\\node_modules\\\\firebase-functions\\\\lib\\\\v1\\\\index.js\"}}"}}
[debug] [2023-07-18T21:07:17.848Z] [runtime-status] [4412] firebase-functions has been stubbed. {"functionsResolution":{"declared":true,"installed":true,"version":"4.4.1","resolution":"D:\\My projects\\Amazon-clone\\amazon-clone\\functions\\node_modules\\firebase-functions\\lib\\v1\\index.js"}} {"metadata":{"emulator":{"name":"functions"},"function":{"name":"us-central1-api"},"extension":{},"message":"[runtime-status] [4412] firebase-functions has been stubbed. {\"functionsResolution\":{\"declared\":true,\"installed\":true,\"version\":\"4.4.1\",\"resolution\":\"D:\\\\My projects\\\\Amazon-clone\\\\amazon-clone\\\\functions\\\\node_modules\\\\firebase-functions\\\\lib\\\\v1\\\\index.js\"}}"}}
[debug] [2023-07-18T21:07:17.849Z] [runtime-status] [4412] Resolved module firebase-functions {"declared":true,"installed":true,"version":"4.4.1","resolution":"D:\\My projects\\Amazon-clone\\amazon-clone\\functions\\node_modules\\firebase-functions\\lib\\v1\\index.js"} {"metadata":{"emulator":{"name":"functions"},"function":{"name":"us-central1-api"},"extension":{},"message":"[runtime-status] [4412] Resolved module firebase-functions {\"declared\":true,\"installed\":true,\"version\":\"4.4.1\",\"resolution\":\"D:\\\\My projects\\\\Amazon-clone\\\\amazon-clone\\\\functions\\\\node_modules\\\\firebase-functions\\\\lib\\\\v1\\\\index.js\"}"}}
[debug] [2023-07-18T21:07:17.849Z] [runtime-status] [8896] Resolved module firebase-functions {"declared":true,"installed":true,"version":"4.4.1","resolution":"D:\\My projects\\Amazon-clone\\amazon-clone\\functions\\node_modules\\firebase-functions\\lib\\v1\\index.js"} {"metadata":{"emulator":{"name":"functions"},"function":{"name":"us-central1-api"},"extension":{},"message":"[runtime-status] [8896] Resolved module firebase-functions {\"declared\":true,\"installed\":true,\"version\":\"4.4.1\",\"resolution\":\"D:\\\\My projects\\\\Amazon-clone\\\\amazon-clone\\\\functions\\\\node_modules\\\\firebase-functions\\\\lib\\\\v1\\\\index.js\"}"}}
[debug] [2023-07-18T21:07:17.850Z] [runtime-status] [8896] Resolved module firebase-admin {"declared":true,"installed":true,"version":"11.10.1","resolution":"D:\\My projects\\Amazon-clone\\amazon-clone\\functions\\node_modules\\firebase-admin\\lib\\index.js"} {"metadata":{"emulator":{"name":"functions"},"function":{"name":"us-central1-api"},"extension":{},"message":"[runtime-status] [8896] Resolved module firebase-admin {\"declared\":true,\"installed\":true,\"version\":\"11.10.1\",\"resolution\":\"D:\\\\My projects\\\\Amazon-clone\\\\amazon-clone\\\\functions\\\\node_modules\\\\firebase-admin\\\\lib\\\\index.js\"}"}}
[debug] [2023-07-18T21:07:17.851Z] [runtime-status] [4412] Resolved module firebase-admin {"declared":true,"installed":true,"version":"11.10.1","resolution":"D:\\My projects\\Amazon-clone\\amazon-clone\\functions\\node_modules\\firebase-admin\\lib\\index.js"} {"metadata":{"emulator":{"name":"functions"},"function":{"name":"us-central1-api"},"extension":{},"message":"[runtime-status] [4412] Resolved module firebase-admin {\"declared\":true,\"installed\":true,\"version\":\"11.10.1\",\"resolution\":\"D:\\\\My projects\\\\Amazon-clone\\\\amazon-clone\\\\functions\\\\node_modules\\\\firebase-admin\\\\lib\\\\index.js\"}"}}
[debug] [2023-07-18T21:07:17.854Z] [runtime-status] [8896] Resolved module firebase-functions {"declared":true,"installed":true,"version":"4.4.1","resolution":"D:\\My projects\\Amazon-clone\\amazon-clone\\functions\\node_modules\\firebase-functions\\lib\\v1\\index.js"} {"metadata":{"emulator":{"name":"functions"},"function":{"name":"us-central1-api"},"extension":{},"message":"[runtime-status] [8896] Resolved module firebase-functions {\"declared\":true,\"installed\":true,\"version\":\"4.4.1\",\"resolution\":\"D:\\\\My projects\\\\Amazon-clone\\\\amazon-clone\\\\functions\\\\node_modules\\\\firebase-functions\\\\lib\\\\v1\\\\index.js\"}"}}
[debug] [2023-07-18T21:07:17.854Z] [runtime-status] [8896] firebase-admin has been stubbed. {"adminResolution":{"declared":true,"installed":true,"version":"11.10.1","resolution":"D:\\My projects\\Amazon-clone\\amazon-clone\\functions\\node_modules\\firebase-admin\\lib\\index.js"}} {"metadata":{"emulator":{"name":"functions"},"function":{"name":"us-central1-api"},"extension":{},"message":"[runtime-status] [8896] firebase-admin has been stubbed. {\"adminResolution\":{\"declared\":true,\"installed\":true,\"version\":\"11.10.1\",\"resolution\":\"D:\\\\My projects\\\\Amazon-clone\\\\amazon-clone\\\\functions\\\\node_modules\\\\firebase-admin\\\\lib\\\\index.js\"}}"}}
[debug] [2023-07-18T21:07:17.854Z] [runtime-status] [4412] Resolved module firebase-functions {"declared":true,"installed":true,"version":"4.4.1","resolution":"D:\\My projects\\Amazon-clone\\amazon-clone\\functions\\node_modules\\firebase-functions\\lib\\v1\\index.js"} {"metadata":{"emulator":{"name":"functions"},"function":{"name":"us-central1-api"},"extension":{},"message":"[runtime-status] [4412] Resolved module firebase-functions {\"declared\":true,\"installed\":true,\"version\":\"4.4.1\",\"resolution\":\"D:\\\\My projects\\\\Amazon-clone\\\\amazon-clone\\\\functions\\\\node_modules\\\\firebase-functions\\\\lib\\\\v1\\\\index.js\"}"}}
[debug] [2023-07-18T21:07:17.855Z] [runtime-status] [4412] firebase-admin has been stubbed. {"adminResolution":{"declared":true,"installed":true,"version":"11.10.1","resolution":"D:\\My projects\\Amazon-clone\\amazon-clone\\functions\\node_modules\\firebase-admin\\lib\\index.js"}} {"metadata":{"emulator":{"name":"functions"},"function":{"name":"us-central1-api"},"extension":{},"message":"[runtime-status] [4412] firebase-admin has been stubbed. {\"adminResolution\":{\"declared\":true,\"installed\":true,\"version\":\"11.10.1\",\"resolution\":\"D:\\\\My projects\\\\Amazon-clone\\\\amazon-clone\\\\functions\\\\node_modules\\\\firebase-admin\\\\lib\\\\index.js\"}}"}}
[debug] [2023-07-18T21:07:18.079Z] [runtime-status] [8896] Functions runtime initialized. {"cwd":"D:\\My projects\\Amazon-clone\\amazon-clone\\functions","node_version":"18.16.1"} {"metadata":{"emulator":{"name":"functions"},"function":{"name":"us-central1-api"},"extension":{},"message":"[runtime-status] [8896] Functions runtime initialized. {\"cwd\":\"D:\\\\My projects\\\\Amazon-clone\\\\amazon-clone\\\\functions\",\"node_version\":\"18.16.1\"}"}}
[debug] [2023-07-18T21:07:18.080Z] [runtime-status] [4412] Functions runtime initialized. {"cwd":"D:\\My projects\\Amazon-clone\\amazon-clone\\functions","node_version":"18.16.1"} {"metadata":{"emulator":{"name":"functions"},"function":{"name":"us-central1-api"},"extension":{},"message":"[runtime-status] [4412] Functions runtime initialized. {\"cwd\":\"D:\\\\My projects\\\\Amazon-clone\\\\amazon-clone\\\\functions\",\"node_version\":\"18.16.1\"}"}}
[debug] [2023-07-18T21:07:18.080Z] [runtime-status] [4412] Listening to port: \\?\pipe\fire_emu_f267e5d7c6771893 {"metadata":{"emulator":{"name":"functions"},"function":{"name":"us-central1-api"},"extension":{},"message":"[runtime-status] [4412] Listening to port: \\\\?\\pipe\\fire_emu_f267e5d7c6771893"}}
[debug] [2023-07-18T21:07:18.080Z] [runtime-status] [8896] Listening to port: \\?\pipe\fire_emu_0cd7d2749c08db4a {"metadata":{"emulator":{"name":"functions"},"function":{"name":"us-central1-api"},"extension":{},"message":"[runtime-status] [8896] Listening to port: \\\\?\\pipe\\fire_emu_0cd7d2749c08db4a"}}
[debug] [2023-07-18T21:07:18.144Z] [worker-us-central1-api-a7cae91b-3bbe-47a0-adda-b533e116842c]: IDLE {"metadata":{"emulator":{"name":"functions"},"function":{"name":"us-central1-api"},"extension":{},"message":"[worker-us-central1-api-a7cae91b-3bbe-47a0-adda-b533e116842c]: IDLE"}}
[debug] [2023-07-18T21:07:18.145Z] [worker-pool] submitRequest(triggerId=us-central1-api) {"metadata":{"emulator":{"name":"functions"},"message":"[worker-pool] submitRequest(triggerId=us-central1-api)"}}
[info] i  functions: Beginning execution of "us-central1-api" {"metadata":{"emulator":{"name":"functions"},"function":{"name":"us-central1-api"},"extension":{},"message":"Beginning execution of \"us-central1-api\""}}
[debug] [2023-07-18T21:07:18.148Z] [worker-us-central1-api-a7cae91b-3bbe-47a0-adda-b533e116842c]: BUSY {"metadata":{"emulator":{"name":"functions"},"function":{"name":"us-central1-api"},"extension":{},"message":"[worker-us-central1-api-a7cae91b-3bbe-47a0-adda-b533e116842c]: BUSY"}}
[debug] [2023-07-18T21:07:18.151Z] [worker-us-central1-api-0db9434f-dc28-4921-8fbe-2e37b230388b]: IDLE {"metadata":{"emulator":{"name":"functions"},"function":{"name":"us-central1-api"},"extension":{},"message":"[worker-us-central1-api-0db9434f-dc28-4921-8fbe-2e37b230388b]: IDLE"}}
[debug] [2023-07-18T21:07:18.152Z] [worker-pool] submitRequest(triggerId=us-central1-api) {"metadata":{"emulator":{"name":"functions"},"message":"[worker-pool] submitRequest(triggerId=us-central1-api)"}}
[info] i  functions: Beginning execution of "us-central1-api" {"metadata":{"emulator":{"name":"functions"},"function":{"name":"us-central1-api"},"extension":{},"message":"Beginning execution of \"us-central1-api\""}}
[debug] [2023-07-18T21:07:18.153Z] [worker-us-central1-api-0db9434f-dc28-4921-8fbe-2e37b230388b]: BUSY {"metadata":{"emulator":{"name":"functions"},"function":{"name":"us-central1-api"},"extension":{},"message":"[worker-us-central1-api-0db9434f-dc28-4921-8fbe-2e37b230388b]: BUSY"}}
[debug] [2023-07-18T21:07:18.165Z] Finishing up request with event=pause {"metadata":{"emulator":{"name":"functions"},"function":{"name":"us-central1-api"},"extension":{},"message":"Finishing up request with event=pause"}}
[info] i  functions: Finished "us-central1-api" in 17.8676ms {"metadata":{"emulator":{"name":"functions"},"function":{"name":"us-central1-api"},"extension":{},"message":"Finished \"us-central1-api\" in 17.8676ms"}}
[debug] [2023-07-18T21:07:18.166Z] [worker-us-central1-api-a7cae91b-3bbe-47a0-adda-b533e116842c]: IDLE {"metadata":{"emulator":{"name":"functions"},"function":{"name":"us-central1-api"},"extension":{},"message":"[worker-us-central1-api-a7cae91b-3bbe-47a0-adda-b533e116842c]: IDLE"}}
[debug] [2023-07-18T21:07:18.166Z] Finishing up request with event=finish {"metadata":{"emulator":{"name":"functions"},"function":{"name":"us-central1-api"},"extension":{},"message":"Finishing up request with event=finish"}}
[debug] [2023-07-18T21:07:18.166Z] Finishing up request with event=close {"metadata":{"emulator":{"name":"functions"},"function":{"name":"us-central1-api"},"extension":{},"message":"Finishing up request with event=close"}}
[debug] [2023-07-18T21:07:18.167Z] [work-queue] {"queuedWork":[],"queueLength":0,"runningWork":["/clone-9e4ea/us-central1/api/payment/create-2023-07-18T21:07:15.775Z"],"workRunningCount":1}
[debug] [2023-07-18T21:07:18.168Z] Finishing up request with event=pause {"metadata":{"emulator":{"name":"functions"},"function":{"name":"us-central1-api"},"extension":{},"message":"Finishing up request with event=pause"}}
[info] i  functions: Finished "us-central1-api" in 15.0037ms {"metadata":{"emulator":{"name":"functions"},"function":{"name":"us-central1-api"},"extension":{},"message":"Finished \"us-central1-api\" in 15.0037ms"}}
[debug] [2023-07-18T21:07:18.170Z] [worker-us-central1-api-0db9434f-dc28-4921-8fbe-2e37b230388b]: IDLE {"metadata":{"emulator":{"name":"functions"},"function":{"name":"us-central1-api"},"extension":{},"message":"[worker-us-central1-api-0db9434f-dc28-4921-8fbe-2e37b230388b]: IDLE"}}
[debug] [2023-07-18T21:07:18.170Z] Finishing up request with event=finish {"metadata":{"emulator":{"name":"functions"},"function":{"name":"us-central1-api"},"extension":{},"message":"Finishing up request with event=finish"}}
[debug] [2023-07-18T21:07:18.170Z] Finishing up request with event=close {"metadata":{"emulator":{"name":"functions"},"function":{"name":"us-central1-api"},"extension":{},"message":"Finishing up request with event=close"}}
[debug] [2023-07-18T21:07:18.170Z] [work-queue] {"queuedWork":[],"queueLength":0,"runningWork":[],"workRunningCount":0}
[debug] [2023-07-18T21:07:20.983Z] [work-queue] {"queuedWork":["/clone-9e4ea/us-central1/api/payment/create-2023-07-18T21:07:20.983Z"],"queueLength":1,"runningWork":[],"workRunningCount":0}
[debug] [2023-07-18T21:07:20.984Z] [work-queue] {"queuedWork":[],"queueLength":0,"runningWork":["/clone-9e4ea/us-central1/api/payment/create-2023-07-18T21:07:20.983Z"],"workRunningCount":1}
[debug] [2023-07-18T21:07:20.984Z] Accepted request POST /clone-9e4ea/us-central1/api/payment/create?total=0 --> us-central1-api
[debug] [2023-07-18T21:07:20.987Z] [functions] Runtime ready! Sending request! {"metadata":{"emulator":{"name":"functions"},"message":"[functions] Runtime ready! Sending request!"}}
[debug] [2023-07-18T21:07:20.987Z] [functions] Got req.url=/clone-9e4ea/us-central1/api/payment/create?total=0, mapping to path=/payment/create?total=0 {"metadata":{"emulator":{"name":"functions"},"message":"[functions] Got req.url=/clone-9e4ea/us-central1/api/payment/create?total=0, mapping to path=/payment/create?total=0"}}
[debug] [2023-07-18T21:07:20.988Z] [worker-pool] submitRequest(triggerId=us-central1-api) {"metadata":{"emulator":{"name":"functions"},"message":"[worker-pool] submitRequest(triggerId=us-central1-api)"}}
[info] i  functions: Beginning execution of "us-central1-api" {"metadata":{"emulator":{"name":"functions"},"function":{"name":"us-central1-api"},"extension":{},"message":"Beginning execution of \"us-central1-api\""}}
[debug] [2023-07-18T21:07:20.988Z] [worker-us-central1-api-a7cae91b-3bbe-47a0-adda-b533e116842c]: BUSY {"metadata":{"emulator":{"name":"functions"},"function":{"name":"us-central1-api"},"extension":{},"message":"[worker-us-central1-api-a7cae91b-3bbe-47a0-adda-b533e116842c]: BUSY"}}
[debug] [2023-07-18T21:07:20.991Z] [work-queue] {"queuedWork":["/clone-9e4ea/us-central1/api/payment/create-2023-07-18T21:07:20.991Z"],"queueLength":1,"runningWork":["/clone-9e4ea/us-central1/api/payment/create-2023-07-18T21:07:20.983Z"],"workRunningCount":1}
[debug] [2023-07-18T21:07:20.991Z] [work-queue] {"queuedWork":[],"queueLength":0,"runningWork":["/clone-9e4ea/us-central1/api/payment/create-2023-07-18T21:07:20.983Z","/clone-9e4ea/us-central1/api/payment/create-2023-07-18T21:07:20.991Z"],"workRunningCount":2}
[debug] [2023-07-18T21:07:20.991Z] Accepted request POST /clone-9e4ea/us-central1/api/payment/create?total=0 --> us-central1-api
[debug] [2023-07-18T21:07:20.994Z] [functions] Runtime ready! Sending request! {"metadata":{"emulator":{"name":"functions"},"message":"[functions] Runtime ready! Sending request!"}}
[debug] [2023-07-18T21:07:20.994Z] [functions] Got req.url=/clone-9e4ea/us-central1/api/payment/create?total=0, mapping to path=/payment/create?total=0 {"metadata":{"emulator":{"name":"functions"},"message":"[functions] Got req.url=/clone-9e4ea/us-central1/api/payment/create?total=0, mapping to path=/payment/create?total=0"}}
[debug] [2023-07-18T21:07:20.994Z] [worker-pool] submitRequest(triggerId=us-central1-api) {"metadata":{"emulator":{"name":"functions"},"message":"[worker-pool] submitRequest(triggerId=us-central1-api)"}}
[info] i  functions: Beginning execution of "us-central1-api" {"metadata":{"emulator":{"name":"functions"},"function":{"name":"us-central1-api"},"extension":{},"message":"Beginning execution of \"us-central1-api\""}}
[debug] [2023-07-18T21:07:20.995Z] [worker-us-central1-api-0db9434f-dc28-4921-8fbe-2e37b230388b]: BUSY {"metadata":{"emulator":{"name":"functions"},"function":{"name":"us-central1-api"},"extension":{},"message":"[worker-us-central1-api-0db9434f-dc28-4921-8fbe-2e37b230388b]: BUSY"}}
[debug] [2023-07-18T21:07:20.997Z] Finishing up request with event=pause {"metadata":{"emulator":{"name":"functions"},"function":{"name":"us-central1-api"},"extension":{},"message":"Finishing up request with event=pause"}}
[info] i  functions: Finished "us-central1-api" in 8.5005ms {"metadata":{"emulator":{"name":"functions"},"function":{"name":"us-central1-api"},"extension":{},"message":"Finished \"us-central1-api\" in 8.5005ms"}}
[debug] [2023-07-18T21:07:20.997Z] [worker-us-central1-api-a7cae91b-3bbe-47a0-adda-b533e116842c]: IDLE {"metadata":{"emulator":{"name":"functions"},"function":{"name":"us-central1-api"},"extension":{},"message":"[worker-us-central1-api-a7cae91b-3bbe-47a0-adda-b533e116842c]: IDLE"}}
[debug] [2023-07-18T21:07:20.998Z] Finishing up request with event=finish {"metadata":{"emulator":{"name":"functions"},"function":{"name":"us-central1-api"},"extension":{},"message":"Finishing up request with event=finish"}}
[debug] [2023-07-18T21:07:20.998Z] Finishing up request with event=close {"metadata":{"emulator":{"name":"functions"},"function":{"name":"us-central1-api"},"extension":{},"message":"Finishing up request with event=close"}}
[debug] [2023-07-18T21:07:20.998Z] [work-queue] {"queuedWork":[],"queueLength":0,"runningWork":["/clone-9e4ea/us-central1/api/payment/create-2023-07-18T21:07:20.991Z"],"workRunningCount":1}
[debug] [2023-07-18T21:07:20.999Z] Finishing up request with event=pause {"metadata":{"emulator":{"name":"functions"},"function":{"name":"us-central1-api"},"extension":{},"message":"Finishing up request with event=pause"}}
[info] i  functions: Finished "us-central1-api" in 3.9358ms {"metadata":{"emulator":{"name":"functions"},"function":{"name":"us-central1-api"},"extension":{},"message":"Finished \"us-central1-api\" in 3.9358ms"}}
[debug] [2023-07-18T21:07:20.999Z] [worker-us-central1-api-0db9434f-dc28-4921-8fbe-2e37b230388b]: IDLE {"metadata":{"emulator":{"name":"functions"},"function":{"name":"us-central1-api"},"extension":{},"message":"[worker-us-central1-api-0db9434f-dc28-4921-8fbe-2e37b230388b]: IDLE"}}
[debug] [2023-07-18T21:07:20.999Z] Finishing up request with event=finish {"metadata":{"emulator":{"name":"functions"},"function":{"name":"us-central1-api"},"extension":{},"message":"Finishing up request with event=finish"}}
[debug] [2023-07-18T21:07:21.000Z] Finishing up request with event=close {"metadata":{"emulator":{"name":"functions"},"function":{"name":"us-central1-api"},"extension":{},"message":"Finishing up request with event=close"}}
[debug] [2023-07-18T21:07:21.000Z] [work-queue] {"queuedWork":[],"queueLength":0,"runningWork":[],"workRunningCount":0}
[debug] [2023-07-18T21:07:52.266Z] File D:\My projects\Amazon-clone\amazon-clone\functions\index.js changed, reloading triggers {"metadata":{"emulator":{"name":"functions"},"message":"File D:\\My projects\\Amazon-clone\\amazon-clone\\functions\\index.js changed, reloading triggers"}}
[debug] [2023-07-18T21:07:53.278Z] Validating nodejs source
[debug] [2023-07-18T21:07:55.755Z] > [functions] package.json contents: {
  "name": "functions",
  "description": "Cloud Functions for Firebase",
  "scripts": {
    "lint": "eslint .",
    "serve": "firebase emulators:start --only functions",
    "shell": "firebase functions:shell",
    "start": "npm run shell",
    "deploy": "firebase deploy --only functions",
    "logs": "firebase functions:log"
  },
  "engines": {
    "node": "18"
  },
  "main": "index.js",
  "dependencies": {
    "cors": "^2.8.5",
    "express": "^4.18.2",
    "firebase-admin": "^11.8.0",
    "firebase-functions": "^4.3.1",
    "stripe": "^12.13.0"
  },
  "devDependencies": {
    "eslint": "^8.15.0",
    "eslint-config-google": "^0.14.0",
    "firebase-functions-test": "^3.1.0"
  },
  "private": true
}
[debug] [2023-07-18T21:07:55.755Z] Building nodejs source
[debug] [2023-07-18T21:07:55.755Z] Failed to find version of module node: reached end of search path D:\My projects\Amazon-clone\amazon-clone\functions\node_modules
[info] +  functions: Using node@18 from host. 
[debug] [2023-07-18T21:07:55.757Z] Could not find functions.yaml. Must use http discovery
[debug] [2023-07-18T21:07:55.767Z] Found firebase-functions binary at 'D:\My projects\Amazon-clone\amazon-clone\functions\node_modules\.bin\firebase-functions'
[debug] [2023-07-18T21:07:56.082Z] [work-queue] {"queuedWork":["/clone-9e4ea/us-central1/api/payment/create-2023-07-18T21:07:56.082Z"],"queueLength":1,"runningWork":[],"workRunningCount":0}
[debug] [2023-07-18T21:07:56.082Z] [work-queue] {"queuedWork":[],"queueLength":0,"runningWork":["/clone-9e4ea/us-central1/api/payment/create-2023-07-18T21:07:56.082Z"],"workRunningCount":1}
[debug] [2023-07-18T21:07:56.082Z] Accepted request POST /clone-9e4ea/us-central1/api/payment/create?total=0 --> us-central1-api
[debug] [2023-07-18T21:07:56.084Z] [functions] Runtime ready! Sending request! {"metadata":{"emulator":{"name":"functions"},"message":"[functions] Runtime ready! Sending request!"}}
[debug] [2023-07-18T21:07:56.085Z] [functions] Got req.url=/clone-9e4ea/us-central1/api/payment/create?total=0, mapping to path=/payment/create?total=0 {"metadata":{"emulator":{"name":"functions"},"message":"[functions] Got req.url=/clone-9e4ea/us-central1/api/payment/create?total=0, mapping to path=/payment/create?total=0"}}
[debug] [2023-07-18T21:07:56.085Z] [worker-pool] submitRequest(triggerId=us-central1-api) {"metadata":{"emulator":{"name":"functions"},"message":"[worker-pool] submitRequest(triggerId=us-central1-api)"}}
[info] i  functions: Beginning execution of "us-central1-api" {"metadata":{"emulator":{"name":"functions"},"function":{"name":"us-central1-api"},"extension":{},"message":"Beginning execution of \"us-central1-api\""}}
[debug] [2023-07-18T21:07:56.088Z] [worker-us-central1-api-a7cae91b-3bbe-47a0-adda-b533e116842c]: BUSY {"metadata":{"emulator":{"name":"functions"},"function":{"name":"us-central1-api"},"extension":{},"message":"[worker-us-central1-api-a7cae91b-3bbe-47a0-adda-b533e116842c]: BUSY"}}
[debug] [2023-07-18T21:07:56.092Z] [work-queue] {"queuedWork":["/clone-9e4ea/us-central1/api/payment/create-2023-07-18T21:07:56.091Z"],"queueLength":1,"runningWork":["/clone-9e4ea/us-central1/api/payment/create-2023-07-18T21:07:56.082Z"],"workRunningCount":1}
[debug] [2023-07-18T21:07:56.095Z] [work-queue] {"queuedWork":[],"queueLength":0,"runningWork":["/clone-9e4ea/us-central1/api/payment/create-2023-07-18T21:07:56.082Z","/clone-9e4ea/us-central1/api/payment/create-2023-07-18T21:07:56.091Z"],"workRunningCount":2}
[debug] [2023-07-18T21:07:56.095Z] Accepted request POST /clone-9e4ea/us-central1/api/payment/create?total=0 --> us-central1-api
[debug] [2023-07-18T21:07:56.098Z] [functions] Runtime ready! Sending request! {"metadata":{"emulator":{"name":"functions"},"message":"[functions] Runtime ready! Sending request!"}}
[debug] [2023-07-18T21:07:56.099Z] [functions] Got req.url=/clone-9e4ea/us-central1/api/payment/create?total=0, mapping to path=/payment/create?total=0 {"metadata":{"emulator":{"name":"functions"},"message":"[functions] Got req.url=/clone-9e4ea/us-central1/api/payment/create?total=0, mapping to path=/payment/create?total=0"}}
[debug] [2023-07-18T21:07:56.099Z] [worker-pool] submitRequest(triggerId=us-central1-api) {"metadata":{"emulator":{"name":"functions"},"message":"[worker-pool] submitRequest(triggerId=us-central1-api)"}}
[info] i  functions: Beginning execution of "us-central1-api" {"metadata":{"emulator":{"name":"functions"},"function":{"name":"us-central1-api"},"extension":{},"message":"Beginning execution of \"us-central1-api\""}}
[debug] [2023-07-18T21:07:56.100Z] [worker-us-central1-api-0db9434f-dc28-4921-8fbe-2e37b230388b]: BUSY {"metadata":{"emulator":{"name":"functions"},"function":{"name":"us-central1-api"},"extension":{},"message":"[worker-us-central1-api-0db9434f-dc28-4921-8fbe-2e37b230388b]: BUSY"}}
[debug] [2023-07-18T21:07:56.110Z] Finishing up request with event=pause {"metadata":{"emulator":{"name":"functions"},"function":{"name":"us-central1-api"},"extension":{},"message":"Finishing up request with event=pause"}}
[info] i  functions: Finished "us-central1-api" in 21.9878ms {"metadata":{"emulator":{"name":"functions"},"function":{"name":"us-central1-api"},"extension":{},"message":"Finished \"us-central1-api\" in 21.9878ms"}}
[debug] [2023-07-18T21:07:56.118Z] [worker-us-central1-api-a7cae91b-3bbe-47a0-adda-b533e116842c]: IDLE {"metadata":{"emulator":{"name":"functions"},"function":{"name":"us-central1-api"},"extension":{},"message":"[worker-us-central1-api-a7cae91b-3bbe-47a0-adda-b533e116842c]: IDLE"}}
[debug] [2023-07-18T21:07:56.118Z] Finishing up request with event=finish {"metadata":{"emulator":{"name":"functions"},"function":{"name":"us-central1-api"},"extension":{},"message":"Finishing up request with event=finish"}}
[debug] [2023-07-18T21:07:56.118Z] Finishing up request with event=close {"metadata":{"emulator":{"name":"functions"},"function":{"name":"us-central1-api"},"extension":{},"message":"Finishing up request with event=close"}}
[debug] [2023-07-18T21:07:56.118Z] [work-queue] {"queuedWork":[],"queueLength":0,"runningWork":["/clone-9e4ea/us-central1/api/payment/create-2023-07-18T21:07:56.091Z"],"workRunningCount":1}
[debug] [2023-07-18T21:07:56.121Z] Finishing up request with event=pause {"metadata":{"emulator":{"name":"functions"},"function":{"name":"us-central1-api"},"extension":{},"message":"Finishing up request with event=pause"}}
[info] i  functions: Finished "us-central1-api" in 21.013ms {"metadata":{"emulator":{"name":"functions"},"function":{"name":"us-central1-api"},"extension":{},"message":"Finished \"us-central1-api\" in 21.013ms"}}
[debug] [2023-07-18T21:07:56.122Z] [worker-us-central1-api-0db9434f-dc28-4921-8fbe-2e37b230388b]: IDLE {"metadata":{"emulator":{"name":"functions"},"function":{"name":"us-central1-api"},"extension":{},"message":"[worker-us-central1-api-0db9434f-dc28-4921-8fbe-2e37b230388b]: IDLE"}}
[debug] [2023-07-18T21:07:56.122Z] Finishing up request with event=finish {"metadata":{"emulator":{"name":"functions"},"function":{"name":"us-central1-api"},"extension":{},"message":"Finishing up request with event=finish"}}
[debug] [2023-07-18T21:07:56.122Z] Finishing up request with event=close {"metadata":{"emulator":{"name":"functions"},"function":{"name":"us-central1-api"},"extension":{},"message":"Finishing up request with event=close"}}
[debug] [2023-07-18T21:07:56.123Z] [work-queue] {"queuedWork":[],"queueLength":0,"runningWork":[],"workRunningCount":0}
[info] Serving at port 8130

[debug] [2023-07-18T21:07:56.803Z] Got response from /__/functions.yaml {"endpoints":{"api":{"platform":"gcfv1","availableMemoryMb":null,"timeoutSeconds":null,"minInstances":null,"maxInstances":null,"ingressSettings":null,"serviceAccountEmail":null,"vpc":null,"httpsTrigger":{},"entryPoint":"api"}},"specVersion":"v1alpha1","requiredAPIs":[]}
[info] shutdown requested via /__/quitquitquit

[info] +  functions: Loaded functions definitions from source: api. {"metadata":{"emulator":{"name":"functions"},"message":"Loaded functions definitions from source: api."}}
[debug] [2023-07-18T21:07:56.828Z] [worker-pool] Shutting down IDLE worker (us-central1-api) {"metadata":{"emulator":{"name":"functions"},"message":"[worker-pool] Shutting down IDLE worker (us-central1-api)"}}
[debug] [2023-07-18T21:07:56.828Z] [worker-us-central1-api-a7cae91b-3bbe-47a0-adda-b533e116842c]: FINISHING {"metadata":{"emulator":{"name":"functions"},"function":{"name":"us-central1-api"},"extension":{},"message":"[worker-us-central1-api-a7cae91b-3bbe-47a0-adda-b533e116842c]: FINISHING"}}
[debug] [2023-07-18T21:07:56.828Z] [worker-pool] Shutting down IDLE worker (us-central1-api) {"metadata":{"emulator":{"name":"functions"},"message":"[worker-pool] Shutting down IDLE worker (us-central1-api)"}}
[debug] [2023-07-18T21:07:56.828Z] [worker-us-central1-api-0db9434f-dc28-4921-8fbe-2e37b230388b]: FINISHING {"metadata":{"emulator":{"name":"functions"},"function":{"name":"us-central1-api"},"extension":{},"message":"[worker-us-central1-api-0db9434f-dc28-4921-8fbe-2e37b230388b]: FINISHING"}}
[debug] [2023-07-18T21:07:56.848Z] [worker-us-central1-api-a7cae91b-3bbe-47a0-adda-b533e116842c]: exited {"metadata":{"emulator":{"name":"functions"},"function":{"name":"us-central1-api"},"extension":{},"message":"[worker-us-central1-api-a7cae91b-3bbe-47a0-adda-b533e116842c]: exited"}}
[debug] [2023-07-18T21:07:56.848Z] [worker-us-central1-api-a7cae91b-3bbe-47a0-adda-b533e116842c]: FINISHED {"metadata":{"emulator":{"name":"functions"},"function":{"name":"us-central1-api"},"extension":{},"message":"[worker-us-central1-api-a7cae91b-3bbe-47a0-adda-b533e116842c]: FINISHED"}}
[debug] [2023-07-18T21:07:56.849Z] [worker-us-central1-api-0db9434f-dc28-4921-8fbe-2e37b230388b]: exited {"metadata":{"emulator":{"name":"functions"},"function":{"name":"us-central1-api"},"extension":{},"message":"[worker-us-central1-api-0db9434f-dc28-4921-8fbe-2e37b230388b]: exited"}}
[debug] [2023-07-18T21:07:56.849Z] [worker-us-central1-api-0db9434f-dc28-4921-8fbe-2e37b230388b]: FINISHED {"metadata":{"emulator":{"name":"functions"},"function":{"name":"us-central1-api"},"extension":{},"message":"[worker-us-central1-api-0db9434f-dc28-4921-8fbe-2e37b230388b]: FINISHED"}}
[debug] [2023-07-18T21:08:24.467Z] ----------------------------------------------------------------------
[debug] [2023-07-18T21:08:24.469Z] Command:       C:\Program Files\nodejs\node.exe C:\Users\HP\AppData\Roaming\npm\node_modules\firebase-tools\lib\bin\firebase.js emulators:start
[debug] [2023-07-18T21:08:24.470Z] CLI Version:   12.4.4
[debug] [2023-07-18T21:08:24.470Z] Platform:      win32
[debug] [2023-07-18T21:08:24.470Z] Node Version:  v18.16.1
[debug] [2023-07-18T21:08:24.472Z] Time:          Wed Jul 19 2023 02:38:24 GMT+0530 (India Standard Time)
[debug] [2023-07-18T21:08:24.472Z] ----------------------------------------------------------------------
[debug] 
[debug] [2023-07-18T21:08:24.635Z] > command requires scopes: ["email","openid","https://www.googleapis.com/auth/cloudplatformprojects.readonly","https://www.googleapis.com/auth/firebase","https://www.googleapis.com/auth/cloud-platform"]
[debug] [2023-07-18T21:08:24.636Z] > authorizing via signed-in user (manvithshetty18@gmail.com)
[info] i  emulators: Starting emulators: functions, hosting {"metadata":{"emulator":{"name":"hub"},"message":"Starting emulators: functions, hosting"}}
[debug] [2023-07-18T21:08:24.654Z] [logging] Logging Emulator only supports listening on one address (127.0.0.1). Not listening on ::1
[debug] [2023-07-18T21:08:24.654Z] [hosting] Hosting Emulator only supports listening on one address (127.0.0.1). Not listening on ::1
[warn] !  ui: Emulator UI unable to start on port 4000, starting on 4016 instead. {"metadata":{"emulator":{"name":"ui"},"message":"Emulator UI unable to start on port 4000, starting on 4016 instead."}}
[debug] [2023-07-18T21:08:24.662Z] assigned listening specs for emulators {"user":{"hub":[{"address":"127.0.0.1","family":"IPv4","port":4400},{"address":"::1","family":"IPv6","port":4400}],"logging":[{"address":"127.0.0.1","family":"IPv4","port":4500}],"hosting":[{"address":"127.0.0.1","family":"IPv4","port":5000}],"ui":[{"address":"127.0.0.1","family":"IPv4","port":4016},{"address":"::1","family":"IPv6","port":4016}]},"metadata":{"message":"assigned listening specs for emulators"}}
[warn] !  emulators: It seems that you are running multiple instances of the emulator suite for project clone-9e4ea. This may result in unexpected behavior. 
[debug] [2023-07-18T21:08:24.675Z] [hub] writing locator at C:\PROGRA~1\KMSpico\temp\hub-clone-9e4ea.json
[debug] [2023-07-18T21:08:24.701Z] [functions] Functions Emulator only supports listening on one address (127.0.0.1). Not listening on ::1
[debug] [2023-07-18T21:08:24.701Z] [eventarc] Eventarc Emulator only supports listening on one address (127.0.0.1). Not listening on ::1
[debug] [2023-07-18T21:08:24.701Z] late-assigned ports for functions and eventarc emulators {"user":{"hub":[{"address":"127.0.0.1","family":"IPv4","port":4400},{"address":"::1","family":"IPv6","port":4400}],"logging":[{"address":"127.0.0.1","family":"IPv4","port":4500}],"hosting":[{"address":"127.0.0.1","family":"IPv4","port":5000}],"ui":[{"address":"127.0.0.1","family":"IPv4","port":4016},{"address":"::1","family":"IPv6","port":4016}],"functions":[{"address":"127.0.0.1","family":"IPv4","port":5001}],"eventarc":[{"address":"127.0.0.1","family":"IPv4","port":9299}]},"metadata":{"message":"late-assigned ports for functions and eventarc emulators"}}
[warn] !  functions: The following emulators are not running, calls to these services from the Functions emulator will affect production: auth, firestore, database, pubsub, storage {"metadata":{"emulator":{"name":"functions"},"message":"The following emulators are not running, calls to these services from the Functions emulator will affect production: \u001b[1mauth, firestore, database, pubsub, storage\u001b[22m"}}
[debug] [2023-07-18T21:08:24.706Z] defaultcredentials: writing to file C:\Users\HP\AppData\Roaming\firebase\manvithshetty18_gmail_com_application_default_credentials.json
[debug] [2023-07-18T21:08:24.711Z] Setting GAC to C:\Users\HP\AppData\Roaming\firebase\manvithshetty18_gmail_com_application_default_credentials.json {"metadata":{"emulator":{"name":"functions"},"message":"Setting GAC to C:\\Users\\HP\\AppData\\Roaming\\firebase\\manvithshetty18_gmail_com_application_default_credentials.json"}}
[debug] [2023-07-18T21:08:24.715Z] >>> [apiv2][query] GET https://firebase.googleapis.com/v1beta1/projects/clone-9e4ea/adminSdkConfig [none]
[debug] [2023-07-18T21:08:25.385Z] <<< [apiv2][status] GET https://firebase.googleapis.com/v1beta1/projects/clone-9e4ea/adminSdkConfig 200
[debug] [2023-07-18T21:08:25.386Z] <<< [apiv2][body] GET https://firebase.googleapis.com/v1beta1/projects/clone-9e4ea/adminSdkConfig {"projectId":"clone-9e4ea","storageBucket":"clone-9e4ea.appspot.com"}
[debug] [2023-07-18T21:08:25.411Z] >>> [apiv2][query] GET https://firebasehosting.googleapis.com/v1beta1/projects/clone-9e4ea/sites 
[debug] [2023-07-18T21:08:26.312Z] <<< [apiv2][status] GET https://firebasehosting.googleapis.com/v1beta1/projects/clone-9e4ea/sites 200
[debug] [2023-07-18T21:08:26.312Z] <<< [apiv2][body] GET https://firebasehosting.googleapis.com/v1beta1/projects/clone-9e4ea/sites {"sites":[{"name":"projects/clone-9e4ea/sites/clone-9e4ea","defaultUrl":"https://clone-9e4ea.web.app","appId":"1:849832364988:web:c49605f0a25e6da36c79b9","type":"DEFAULT_SITE"}]}
[debug] [2023-07-18T21:08:26.312Z] >>> [apiv2][query] GET https://firebase.googleapis.com/v1beta1/projects/clone-9e4ea/webApps/1:849832364988:web:c49605f0a25e6da36c79b9/config [none]
[debug] [2023-07-18T21:08:27.595Z] <<< [apiv2][status] GET https://firebase.googleapis.com/v1beta1/projects/clone-9e4ea/webApps/1:849832364988:web:c49605f0a25e6da36c79b9/config 200
[debug] [2023-07-18T21:08:27.595Z] <<< [apiv2][body] GET https://firebase.googleapis.com/v1beta1/projects/clone-9e4ea/webApps/1:849832364988:web:c49605f0a25e6da36c79b9/config {"projectId":"clone-9e4ea","appId":"1:849832364988:web:c49605f0a25e6da36c79b9","storageBucket":"clone-9e4ea.appspot.com","apiKey":"AIzaSyA430I9H3XqqrWFc90YouLNyfAZr3BSL_E","authDomain":"clone-9e4ea.firebaseapp.com","messagingSenderId":"849832364988","measurementId":"G-BPC2F1L7MN"}
[debug] [2023-07-18T21:08:27.604Z] >>> [apiv2][query] GET https://firebase.googleapis.com/v1beta1/projects/clone-9e4ea [none]
[debug] [2023-07-18T21:08:28.283Z] <<< [apiv2][status] GET https://firebase.googleapis.com/v1beta1/projects/clone-9e4ea 200
[debug] [2023-07-18T21:08:28.283Z] <<< [apiv2][body] GET https://firebase.googleapis.com/v1beta1/projects/clone-9e4ea {"projectId":"clone-9e4ea","projectNumber":"849832364988","displayName":"amazon-clone","name":"projects/clone-9e4ea","resources":{"hostingSite":"clone-9e4ea"},"state":"ACTIVE","etag":"1_a4ba6ec4-0c7d-448b-abc5-2de4168c041f"}
[info] i  hosting[clone-9e4ea]: Serving hosting files from: build {"metadata":{"emulator":{"name":"hosting"},"message":"Serving hosting files from: \u001b[1mbuild\u001b[22m"}}
[info] +  hosting[clone-9e4ea]: Local server: http://127.0.0.1:5000 {"metadata":{"emulator":{"name":"hosting"},"message":"Local server: \u001b[4m\u001b[1mhttp://127.0.0.1:5000\u001b[22m\u001b[24m"}}
[debug] [2023-07-18T21:08:28.312Z] Ignoring unsupported arg: auto_download {"metadata":{"emulator":{"name":"ui"},"message":"Ignoring unsupported arg: auto_download"}}
[debug] [2023-07-18T21:08:28.313Z] Ignoring unsupported arg: port {"metadata":{"emulator":{"name":"ui"},"message":"Ignoring unsupported arg: port"}}
[debug] [2023-07-18T21:08:28.313Z] Starting Emulator UI with command {"binary":"node","args":["C:\\Users\\HP\\.cache\\firebase\\emulators\\ui-v1.11.7\\server\\server.js"],"optionalArgs":[],"joinArgs":false} {"metadata":{"emulator":{"name":"ui"},"message":"Starting Emulator UI with command {\"binary\":\"node\",\"args\":[\"C:\\\\Users\\\\HP\\\\.cache\\\\firebase\\\\emulators\\\\ui-v1.11.7\\\\server\\\\server.js\"],\"optionalArgs\":[],\"joinArgs\":false}"}}
[info] i  ui: Emulator UI logging to ui-debug.log {"metadata":{"emulator":{"name":"ui"},"message":"Emulator UI logging to \u001b[1mui-debug.log\u001b[22m"}}
[debug] [2023-07-18T21:08:28.484Z] Web / API server started at 127.0.0.1:4016
 {"metadata":{"emulator":{"name":"ui"},"message":"Web / API server started at 127.0.0.1:4016\n"}}
[debug] [2023-07-18T21:08:28.484Z] Web / API server started at ::1:4016
 {"metadata":{"emulator":{"name":"ui"},"message":"Web / API server started at ::1:4016\n"}}
[info] i  functions: Watching "D:\My projects\Amazon-clone\amazon-clone\functions" for Cloud Functions... {"metadata":{"emulator":{"name":"functions"},"message":"Watching \"D:\\My projects\\Amazon-clone\\amazon-clone\\functions\" for Cloud Functions..."}}
[debug] [2023-07-18T21:08:28.607Z] Validating nodejs source
[debug] [2023-07-18T21:08:30.464Z] > [functions] package.json contents: {
  "name": "functions",
  "description": "Cloud Functions for Firebase",
  "scripts": {
    "lint": "eslint .",
    "serve": "firebase emulators:start --only functions",
    "shell": "firebase functions:shell",
    "start": "npm run shell",
    "deploy": "firebase deploy --only functions",
    "logs": "firebase functions:log"
  },
  "engines": {
    "node": "18"
  },
  "main": "index.js",
  "dependencies": {
    "cors": "^2.8.5",
    "express": "^4.18.2",
    "firebase-admin": "^11.8.0",
    "firebase-functions": "^4.3.1",
    "stripe": "^12.13.0"
  },
  "devDependencies": {
    "eslint": "^8.15.0",
    "eslint-config-google": "^0.14.0",
    "firebase-functions-test": "^3.1.0"
  },
  "private": true
}
[debug] [2023-07-18T21:08:30.464Z] Building nodejs source
[debug] [2023-07-18T21:08:30.465Z] Failed to find version of module node: reached end of search path D:\My projects\Amazon-clone\amazon-clone\functions\node_modules
[info] +  functions: Using node@18 from host. 
[debug] [2023-07-18T21:08:30.468Z] Could not find functions.yaml. Must use http discovery
[debug] [2023-07-18T21:08:30.479Z] Found firebase-functions binary at 'D:\My projects\Amazon-clone\amazon-clone\functions\node_modules\.bin\firebase-functions'
